2014-04-29 11:57:20,031 - Log4JLogChute initialized using file 'velocity.log'
2014-04-29 11:57:20,033 - Initializing Velocity, Calling init()...
2014-04-29 11:57:20,033 - Starting Apache Velocity v1.7 (compiled: 2010-11-19 12:14:37)
2014-04-29 11:57:20,033 - Default Properties File: org\apache\velocity\runtime\defaults\velocity.properties
2014-04-29 11:57:20,033 - Trying to use logger class org.apache.velocity.runtime.log.AvalonLogChute
2014-04-29 11:57:20,033 - Target log system for org.apache.velocity.runtime.log.AvalonLogChute is not available (java.lang.NoClassDefFoundError: org/apache/log/format/Formatter).  Falling back to next log system...
2014-04-29 11:57:20,033 - Trying to use logger class org.apache.velocity.runtime.log.Log4JLogChute
2014-04-29 11:57:20,033 - Using logger class org.apache.velocity.runtime.log.Log4JLogChute
2014-04-29 11:57:20,057 - ResourceLoader instantiated: org.apache.velocity.runtime.resource.loader.ClasspathResourceLoader
2014-04-29 11:57:20,166 - ResourceCache: initialized (class org.apache.velocity.runtime.resource.ResourceCacheImpl) with class java.util.Collections$SynchronizedMap cache map.
2014-04-29 11:57:20,169 - Loaded System Directive: org.apache.velocity.runtime.directive.Stop
2014-04-29 11:57:20,186 - Loaded System Directive: org.apache.velocity.runtime.directive.Define
2014-04-29 11:57:20,188 - Loaded System Directive: org.apache.velocity.runtime.directive.Break
2014-04-29 11:57:20,217 - Loaded System Directive: org.apache.velocity.runtime.directive.Evaluate
2014-04-29 11:57:20,219 - Loaded System Directive: org.apache.velocity.runtime.directive.Literal
2014-04-29 11:57:20,221 - Loaded System Directive: org.apache.velocity.runtime.directive.Macro
2014-04-29 11:57:20,225 - Loaded System Directive: org.apache.velocity.runtime.directive.Parse
2014-04-29 11:57:20,227 - Loaded System Directive: org.apache.velocity.runtime.directive.Include
2014-04-29 11:57:20,229 - Loaded System Directive: org.apache.velocity.runtime.directive.Foreach
2014-04-29 11:57:20,559 - Created '20' parsers.
2014-04-29 11:57:20,569 - Velocimacro : "velocimacro.library" is not set.  Trying default library: VM_global_library.vm
2014-04-29 11:57:20,570 - Could not load resource 'VM_global_library.vm' from ResourceLoader org.apache.velocity.runtime.resource.loader.ClasspathResourceLoader: ClasspathResourceLoader Error: cannot find resource VM_global_library.vm
2014-04-29 11:57:20,570 - Velocimacro : Default library not found.
2014-04-29 11:57:20,570 - Velocimacro : allowInline = true : VMs can be defined inline in templates
2014-04-29 11:57:20,570 - Velocimacro : allowInlineToOverride = false : VMs defined inline may NOT replace previous VM definitions
2014-04-29 11:57:20,570 - Velocimacro : allowInlineLocal = false : VMs defined inline will be global in scope if allowed.
2014-04-29 11:57:20,570 - Velocimacro : autoload off : VM system will not automatically reload global library macros
2014-04-29 11:57:20,716 - ResourceManager : found /ServiceManifestTemplate.vm with loader org.apache.velocity.runtime.resource.loader.ClasspathResourceLoader
2014-04-29 11:57:20,731 - ResourceManager : found /VirtualMachineComponent.vm with loader org.apache.velocity.runtime.resource.loader.ClasspathResourceLoader
2014-04-29 11:57:20,733 - ResourceManager : found /TrustSection.vm with loader org.apache.velocity.runtime.resource.loader.ClasspathResourceLoader
2014-04-29 11:57:20,734 - Null reference [template '/TrustSection.vm', line 7, column 28] : ${trustLevel} cannot be resolved.
2014-04-29 11:57:20,735 - ResourceManager : found /RiskSection.vm with loader org.apache.velocity.runtime.resource.loader.ClasspathResourceLoader
2014-04-29 11:57:20,737 - ResourceManager : found /EcoEfficiencySection.vm with loader org.apache.velocity.runtime.resource.loader.ClasspathResourceLoader
2014-04-29 11:57:20,738 - ResourceManager : found /CostSection.vm with loader org.apache.velocity.runtime.resource.loader.ClasspathResourceLoader
2014-04-29 11:57:20,740 - ResourceManager : found /VirtualMachineComponentConfiguration.vm with loader org.apache.velocity.runtime.resource.loader.ClasspathResourceLoader
2014-04-29 11:57:22,224 - ResourceManager : found /ElasticityRuleY1.vm with loader org.apache.velocity.runtime.resource.loader.ClasspathResourceLoader
2014-04-29 11:57:22,239 - ResourceManager : found /ElasticityRuleY1.vm with loader org.apache.velocity.runtime.resource.loader.ClasspathResourceLoader
2014-04-29 11:57:22,376 - ResourceManager : found /VirtualMachineComponent.vm with loader org.apache.velocity.runtime.resource.loader.ClasspathResourceLoader
2014-04-29 11:57:22,759 - ResourceManager : found /ElasticityRuleY1.vm with loader org.apache.velocity.runtime.resource.loader.ClasspathResourceLoader
2014-04-29 11:57:22,764 - ResourceManager : found /ElasticityRuleY1.vm with loader org.apache.velocity.runtime.resource.loader.ClasspathResourceLoader
2014-04-29 11:57:26,368 - ResourceManager : found /ServiceManifestTemplate.vm with loader org.apache.velocity.runtime.resource.loader.ClasspathResourceLoader
2014-04-29 11:57:26,371 - ResourceManager : found /VirtualMachineComponent.vm with loader org.apache.velocity.runtime.resource.loader.ClasspathResourceLoader
2014-04-29 11:57:26,375 - ResourceManager : found /TrustSection.vm with loader org.apache.velocity.runtime.resource.loader.ClasspathResourceLoader
2014-04-29 11:57:26,375 - Null reference [template '/TrustSection.vm', line 7, column 28] : ${trustLevel} cannot be resolved.
2014-04-29 11:57:26,376 - ResourceManager : found /RiskSection.vm with loader org.apache.velocity.runtime.resource.loader.ClasspathResourceLoader
2014-04-29 11:57:26,377 - ResourceManager : found /EcoEfficiencySection.vm with loader org.apache.velocity.runtime.resource.loader.ClasspathResourceLoader
2014-04-29 11:57:26,379 - ResourceManager : found /CostSection.vm with loader org.apache.velocity.runtime.resource.loader.ClasspathResourceLoader
2014-04-29 11:57:26,382 - ResourceManager : found /VirtualMachineComponentConfiguration.vm with loader org.apache.velocity.runtime.resource.loader.ClasspathResourceLoader
2014-04-29 11:57:26,400 - ResourceManager : found /VirtualMachineComponent.vm with loader org.apache.velocity.runtime.resource.loader.ClasspathResourceLoader
2014-04-29 11:57:26,410 - ResourceManager : found /ElasticityRuleY1.vm with loader org.apache.velocity.runtime.resource.loader.ClasspathResourceLoader
2014-04-29 11:57:26,415 - ResourceManager : found /ElasticityRuleY1.vm with loader org.apache.velocity.runtime.resource.loader.ClasspathResourceLoader
2014-04-29 11:57:26,424 - ResourceManager : found /VirtualMachineComponent.vm with loader org.apache.velocity.runtime.resource.loader.ClasspathResourceLoader
2014-04-29 11:57:26,440 - ResourceManager : found /VirtualMachineComponent.vm with loader org.apache.velocity.runtime.resource.loader.ClasspathResourceLoader
2014-04-29 11:57:26,458 - ResourceManager : found /VirtualMachineComponent.vm with loader org.apache.velocity.runtime.resource.loader.ClasspathResourceLoader
2014-04-29 11:57:26,472 - ResourceManager : found /VirtualMachineComponent.vm with loader org.apache.velocity.runtime.resource.loader.ClasspathResourceLoader
2014-04-29 11:57:26,488 - ResourceManager : found /VirtualMachineComponent.vm with loader org.apache.velocity.runtime.resource.loader.ClasspathResourceLoader
2014-04-29 11:57:26,593 - ResourceManager : found /ServiceManifestTemplate.vm with loader org.apache.velocity.runtime.resource.loader.ClasspathResourceLoader
2014-04-29 11:57:26,598 - ResourceManager : found /VirtualMachineComponent.vm with loader org.apache.velocity.runtime.resource.loader.ClasspathResourceLoader
2014-04-29 11:57:26,601 - ResourceManager : found /TrustSection.vm with loader org.apache.velocity.runtime.resource.loader.ClasspathResourceLoader
2014-04-29 11:57:26,601 - Null reference [template '/TrustSection.vm', line 7, column 28] : ${trustLevel} cannot be resolved.
2014-04-29 11:57:26,602 - ResourceManager : found /RiskSection.vm with loader org.apache.velocity.runtime.resource.loader.ClasspathResourceLoader
2014-04-29 11:57:26,605 - ResourceManager : found /EcoEfficiencySection.vm with loader org.apache.velocity.runtime.resource.loader.ClasspathResourceLoader
2014-04-29 11:57:26,607 - ResourceManager : found /CostSection.vm with loader org.apache.velocity.runtime.resource.loader.ClasspathResourceLoader
2014-04-29 11:57:26,609 - ResourceManager : found /VirtualMachineComponentConfiguration.vm with loader org.apache.velocity.runtime.resource.loader.ClasspathResourceLoader
2014-04-29 11:57:26,650 - ResourceManager : found /VirtualMachineComponent.vm with loader org.apache.velocity.runtime.resource.loader.ClasspathResourceLoader
2014-04-29 11:57:26,661 - ResourceManager : found /VirtualMachineComponent.vm with loader org.apache.velocity.runtime.resource.loader.ClasspathResourceLoader
2014-04-29 11:57:26,670 - ResourceManager : found /ElasticityRuleY1.vm with loader org.apache.velocity.runtime.resource.loader.ClasspathResourceLoader
2014-04-29 11:57:26,676 - ResourceManager : found /ElasticityRuleY1.vm with loader org.apache.velocity.runtime.resource.loader.ClasspathResourceLoader
2014-04-29 11:57:26,685 - ResourceManager : found /VirtualMachineComponent.vm with loader org.apache.velocity.runtime.resource.loader.ClasspathResourceLoader
2014-04-29 11:57:26,699 - ResourceManager : found /VirtualMachineComponent.vm with loader org.apache.velocity.runtime.resource.loader.ClasspathResourceLoader
2014-04-29 12:57:02,746 - Log4JLogChute initialized using file 'velocity.log'
2014-04-29 12:57:02,748 - Initializing Velocity, Calling init()...
2014-04-29 12:57:02,748 - Starting Apache Velocity v1.7 (compiled: 2010-11-19 12:14:37)
2014-04-29 12:57:02,748 - Default Properties File: org\apache\velocity\runtime\defaults\velocity.properties
2014-04-29 12:57:02,748 - Trying to use logger class org.apache.velocity.runtime.log.AvalonLogChute
2014-04-29 12:57:02,748 - Target log system for org.apache.velocity.runtime.log.AvalonLogChute is not available (java.lang.NoClassDefFoundError: org/apache/log/format/Formatter).  Falling back to next log system...
2014-04-29 12:57:02,748 - Trying to use logger class org.apache.velocity.runtime.log.Log4JLogChute
2014-04-29 12:57:02,748 - Using logger class org.apache.velocity.runtime.log.Log4JLogChute
2014-04-29 12:57:02,752 - ResourceLoader instantiated: org.apache.velocity.runtime.resource.loader.ClasspathResourceLoader
2014-04-29 12:57:02,771 - ResourceCache: initialized (class org.apache.velocity.runtime.resource.ResourceCacheImpl) with class java.util.Collections$SynchronizedMap cache map.
2014-04-29 12:57:02,773 - Loaded System Directive: org.apache.velocity.runtime.directive.Stop
2014-04-29 12:57:02,774 - Loaded System Directive: org.apache.velocity.runtime.directive.Define
2014-04-29 12:57:02,775 - Loaded System Directive: org.apache.velocity.runtime.directive.Break
2014-04-29 12:57:02,776 - Loaded System Directive: org.apache.velocity.runtime.directive.Evaluate
2014-04-29 12:57:02,776 - Loaded System Directive: org.apache.velocity.runtime.directive.Literal
2014-04-29 12:57:02,778 - Loaded System Directive: org.apache.velocity.runtime.directive.Macro
2014-04-29 12:57:02,779 - Loaded System Directive: org.apache.velocity.runtime.directive.Parse
2014-04-29 12:57:02,781 - Loaded System Directive: org.apache.velocity.runtime.directive.Include
2014-04-29 12:57:02,782 - Loaded System Directive: org.apache.velocity.runtime.directive.Foreach
2014-04-29 12:57:02,822 - Created '20' parsers.
2014-04-29 12:57:02,830 - Velocimacro : "velocimacro.library" is not set.  Trying default library: VM_global_library.vm
2014-04-29 12:57:02,832 - Could not load resource 'VM_global_library.vm' from ResourceLoader org.apache.velocity.runtime.resource.loader.ClasspathResourceLoader: ClasspathResourceLoader Error: cannot find resource VM_global_library.vm
2014-04-29 12:57:02,832 - Velocimacro : Default library not found.
2014-04-29 12:57:02,832 - Velocimacro : allowInline = true : VMs can be defined inline in templates
2014-04-29 12:57:02,832 - Velocimacro : allowInlineToOverride = false : VMs defined inline may NOT replace previous VM definitions
2014-04-29 12:57:02,832 - Velocimacro : allowInlineLocal = false : VMs defined inline will be global in scope if allowed.
2014-04-29 12:57:02,832 - Velocimacro : autoload off : VM system will not automatically reload global library macros
2014-04-29 12:57:02,879 - ResourceManager : found /ServiceManifestTemplate.vm with loader org.apache.velocity.runtime.resource.loader.ClasspathResourceLoader
2014-04-29 12:57:02,916 - ResourceManager : found /VirtualMachineComponent.vm with loader org.apache.velocity.runtime.resource.loader.ClasspathResourceLoader
2014-04-29 12:57:02,918 - ResourceManager : found /TrustSection.vm with loader org.apache.velocity.runtime.resource.loader.ClasspathResourceLoader
2014-04-29 12:57:02,920 - Null reference [template '/TrustSection.vm', line 7, column 28] : ${trustLevel} cannot be resolved.
2014-04-29 12:57:02,922 - ResourceManager : found /RiskSection.vm with loader org.apache.velocity.runtime.resource.loader.ClasspathResourceLoader
2014-04-29 12:57:02,924 - ResourceManager : found /EcoEfficiencySection.vm with loader org.apache.velocity.runtime.resource.loader.ClasspathResourceLoader
2014-04-29 12:57:02,926 - ResourceManager : found /CostSection.vm with loader org.apache.velocity.runtime.resource.loader.ClasspathResourceLoader
2014-04-29 12:57:02,929 - ResourceManager : found /VirtualMachineComponentConfiguration.vm with loader org.apache.velocity.runtime.resource.loader.ClasspathResourceLoader
2014-04-29 12:57:03,621 - ResourceManager : found /ElasticityRuleY1.vm with loader org.apache.velocity.runtime.resource.loader.ClasspathResourceLoader
2014-04-29 12:57:03,633 - ResourceManager : found /ElasticityRuleY1.vm with loader org.apache.velocity.runtime.resource.loader.ClasspathResourceLoader
2014-04-29 12:57:03,680 - ResourceManager : found /VirtualMachineComponent.vm with loader org.apache.velocity.runtime.resource.loader.ClasspathResourceLoader
2014-04-29 12:57:03,776 - ResourceManager : found /ElasticityRuleY1.vm with loader org.apache.velocity.runtime.resource.loader.ClasspathResourceLoader
2014-04-29 12:57:03,780 - ResourceManager : found /ElasticityRuleY1.vm with loader org.apache.velocity.runtime.resource.loader.ClasspathResourceLoader
2014-04-29 12:59:12,691 - Log4JLogChute initialized using file 'velocity.log'
2014-04-29 12:59:12,692 - Initializing Velocity, Calling init()...
2014-04-29 12:59:12,692 - Starting Apache Velocity v1.7 (compiled: 2010-11-19 12:14:37)
2014-04-29 12:59:12,692 - Default Properties File: org\apache\velocity\runtime\defaults\velocity.properties
2014-04-29 12:59:12,692 - Trying to use logger class org.apache.velocity.runtime.log.AvalonLogChute
2014-04-29 12:59:12,692 - Target log system for org.apache.velocity.runtime.log.AvalonLogChute is not available (java.lang.NoClassDefFoundError: org/apache/log/format/Formatter).  Falling back to next log system...
2014-04-29 12:59:12,692 - Trying to use logger class org.apache.velocity.runtime.log.Log4JLogChute
2014-04-29 12:59:12,692 - Using logger class org.apache.velocity.runtime.log.Log4JLogChute
2014-04-29 12:59:12,698 - ResourceLoader instantiated: org.apache.velocity.runtime.resource.loader.ClasspathResourceLoader
2014-04-29 12:59:12,723 - ResourceCache: initialized (class org.apache.velocity.runtime.resource.ResourceCacheImpl) with class java.util.Collections$SynchronizedMap cache map.
2014-04-29 12:59:12,726 - Loaded System Directive: org.apache.velocity.runtime.directive.Stop
2014-04-29 12:59:12,728 - Loaded System Directive: org.apache.velocity.runtime.directive.Define
2014-04-29 12:59:12,729 - Loaded System Directive: org.apache.velocity.runtime.directive.Break
2014-04-29 12:59:12,730 - Loaded System Directive: org.apache.velocity.runtime.directive.Evaluate
2014-04-29 12:59:12,731 - Loaded System Directive: org.apache.velocity.runtime.directive.Literal
2014-04-29 12:59:12,733 - Loaded System Directive: org.apache.velocity.runtime.directive.Macro
2014-04-29 12:59:12,737 - Loaded System Directive: org.apache.velocity.runtime.directive.Parse
2014-04-29 12:59:12,742 - Loaded System Directive: org.apache.velocity.runtime.directive.Include
2014-04-29 12:59:12,745 - Loaded System Directive: org.apache.velocity.runtime.directive.Foreach
2014-04-29 12:59:12,802 - Created '20' parsers.
2014-04-29 12:59:12,815 - Velocimacro : "velocimacro.library" is not set.  Trying default library: VM_global_library.vm
2014-04-29 12:59:12,817 - Could not load resource 'VM_global_library.vm' from ResourceLoader org.apache.velocity.runtime.resource.loader.ClasspathResourceLoader: ClasspathResourceLoader Error: cannot find resource VM_global_library.vm
2014-04-29 12:59:12,817 - Velocimacro : Default library not found.
2014-04-29 12:59:12,817 - Velocimacro : allowInline = true : VMs can be defined inline in templates
2014-04-29 12:59:12,817 - Velocimacro : allowInlineToOverride = false : VMs defined inline may NOT replace previous VM definitions
2014-04-29 12:59:12,818 - Velocimacro : allowInlineLocal = false : VMs defined inline will be global in scope if allowed.
2014-04-29 12:59:12,818 - Velocimacro : autoload off : VM system will not automatically reload global library macros
2014-04-29 12:59:12,859 - ResourceManager : found /ServiceManifestTemplate.vm with loader org.apache.velocity.runtime.resource.loader.ClasspathResourceLoader
2014-04-29 12:59:12,878 - ResourceManager : found /VirtualMachineComponent.vm with loader org.apache.velocity.runtime.resource.loader.ClasspathResourceLoader
2014-04-29 12:59:12,881 - ResourceManager : found /TrustSection.vm with loader org.apache.velocity.runtime.resource.loader.ClasspathResourceLoader
2014-04-29 12:59:12,882 - Null reference [template '/TrustSection.vm', line 7, column 28] : ${trustLevel} cannot be resolved.
2014-04-29 12:59:12,884 - ResourceManager : found /RiskSection.vm with loader org.apache.velocity.runtime.resource.loader.ClasspathResourceLoader
2014-04-29 12:59:12,886 - ResourceManager : found /EcoEfficiencySection.vm with loader org.apache.velocity.runtime.resource.loader.ClasspathResourceLoader
2014-04-29 12:59:12,888 - ResourceManager : found /CostSection.vm with loader org.apache.velocity.runtime.resource.loader.ClasspathResourceLoader
2014-04-29 12:59:12,890 - ResourceManager : found /VirtualMachineComponentConfiguration.vm with loader org.apache.velocity.runtime.resource.loader.ClasspathResourceLoader
2014-04-29 12:59:13,361 - ResourceManager : found /ElasticityRuleY1.vm with loader org.apache.velocity.runtime.resource.loader.ClasspathResourceLoader
2014-04-29 12:59:13,373 - ResourceManager : found /ElasticityRuleY1.vm with loader org.apache.velocity.runtime.resource.loader.ClasspathResourceLoader
2014-04-29 12:59:13,416 - ResourceManager : found /VirtualMachineComponent.vm with loader org.apache.velocity.runtime.resource.loader.ClasspathResourceLoader
2014-04-29 12:59:13,494 - ResourceManager : found /ElasticityRuleY1.vm with loader org.apache.velocity.runtime.resource.loader.ClasspathResourceLoader
2014-04-29 12:59:13,498 - ResourceManager : found /ElasticityRuleY1.vm with loader org.apache.velocity.runtime.resource.loader.ClasspathResourceLoader
2014-04-29 13:03:10,825 - Log4JLogChute initialized using file 'velocity.log'
2014-04-29 13:03:10,825 - Initializing Velocity, Calling init()...
2014-04-29 13:03:10,826 - Starting Apache Velocity v1.7 (compiled: 2010-11-19 12:14:37)
2014-04-29 13:03:10,826 - Default Properties File: org\apache\velocity\runtime\defaults\velocity.properties
2014-04-29 13:03:10,826 - Trying to use logger class org.apache.velocity.runtime.log.AvalonLogChute
2014-04-29 13:03:10,826 - Target log system for org.apache.velocity.runtime.log.AvalonLogChute is not available (java.lang.NoClassDefFoundError: org/apache/log/format/Formatter).  Falling back to next log system...
2014-04-29 13:03:10,826 - Trying to use logger class org.apache.velocity.runtime.log.Log4JLogChute
2014-04-29 13:03:10,826 - Using logger class org.apache.velocity.runtime.log.Log4JLogChute
2014-04-29 13:03:10,831 - ResourceLoader instantiated: org.apache.velocity.runtime.resource.loader.ClasspathResourceLoader
2014-04-29 13:03:10,854 - ResourceCache: initialized (class org.apache.velocity.runtime.resource.ResourceCacheImpl) with class java.util.Collections$SynchronizedMap cache map.
2014-04-29 13:03:10,856 - Loaded System Directive: org.apache.velocity.runtime.directive.Stop
2014-04-29 13:03:10,859 - Loaded System Directive: org.apache.velocity.runtime.directive.Define
2014-04-29 13:03:10,860 - Loaded System Directive: org.apache.velocity.runtime.directive.Break
2014-04-29 13:03:10,861 - Loaded System Directive: org.apache.velocity.runtime.directive.Evaluate
2014-04-29 13:03:10,862 - Loaded System Directive: org.apache.velocity.runtime.directive.Literal
2014-04-29 13:03:10,863 - Loaded System Directive: org.apache.velocity.runtime.directive.Macro
2014-04-29 13:03:10,866 - Loaded System Directive: org.apache.velocity.runtime.directive.Parse
2014-04-29 13:03:10,868 - Loaded System Directive: org.apache.velocity.runtime.directive.Include
2014-04-29 13:03:10,869 - Loaded System Directive: org.apache.velocity.runtime.directive.Foreach
2014-04-29 13:03:10,924 - Created '20' parsers.
2014-04-29 13:03:10,941 - Velocimacro : "velocimacro.library" is not set.  Trying default library: VM_global_library.vm
2014-04-29 13:03:10,943 - Could not load resource 'VM_global_library.vm' from ResourceLoader org.apache.velocity.runtime.resource.loader.ClasspathResourceLoader: ClasspathResourceLoader Error: cannot find resource VM_global_library.vm
2014-04-29 13:03:10,943 - Velocimacro : Default library not found.
2014-04-29 13:03:10,943 - Velocimacro : allowInline = true : VMs can be defined inline in templates
2014-04-29 13:03:10,943 - Velocimacro : allowInlineToOverride = false : VMs defined inline may NOT replace previous VM definitions
2014-04-29 13:03:10,943 - Velocimacro : allowInlineLocal = false : VMs defined inline will be global in scope if allowed.
2014-04-29 13:03:10,944 - Velocimacro : autoload off : VM system will not automatically reload global library macros
2014-04-29 13:03:11,008 - ResourceManager : found /ServiceManifestTemplate.vm with loader org.apache.velocity.runtime.resource.loader.ClasspathResourceLoader
2014-04-29 13:03:11,032 - ResourceManager : found /VirtualMachineComponent.vm with loader org.apache.velocity.runtime.resource.loader.ClasspathResourceLoader
2014-04-29 13:03:11,035 - ResourceManager : found /TrustSection.vm with loader org.apache.velocity.runtime.resource.loader.ClasspathResourceLoader
2014-04-29 13:03:11,036 - Null reference [template '/TrustSection.vm', line 7, column 28] : ${trustLevel} cannot be resolved.
2014-04-29 13:03:11,038 - ResourceManager : found /RiskSection.vm with loader org.apache.velocity.runtime.resource.loader.ClasspathResourceLoader
2014-04-29 13:03:11,041 - ResourceManager : found /EcoEfficiencySection.vm with loader org.apache.velocity.runtime.resource.loader.ClasspathResourceLoader
2014-04-29 13:03:11,043 - ResourceManager : found /CostSection.vm with loader org.apache.velocity.runtime.resource.loader.ClasspathResourceLoader
2014-04-29 13:03:11,045 - ResourceManager : found /VirtualMachineComponentConfiguration.vm with loader org.apache.velocity.runtime.resource.loader.ClasspathResourceLoader
2014-04-29 13:03:11,611 - ResourceManager : found /ElasticityRuleY1.vm with loader org.apache.velocity.runtime.resource.loader.ClasspathResourceLoader
2014-04-29 13:03:11,624 - ResourceManager : found /ElasticityRuleY1.vm with loader org.apache.velocity.runtime.resource.loader.ClasspathResourceLoader
2014-04-29 13:03:11,678 - ResourceManager : found /VirtualMachineComponent.vm with loader org.apache.velocity.runtime.resource.loader.ClasspathResourceLoader
2014-04-29 13:03:11,768 - ResourceManager : found /ElasticityRuleY1.vm with loader org.apache.velocity.runtime.resource.loader.ClasspathResourceLoader
2014-04-29 13:03:11,772 - ResourceManager : found /ElasticityRuleY1.vm with loader org.apache.velocity.runtime.resource.loader.ClasspathResourceLoader
2014-04-29 13:03:55,971 - Log4JLogChute initialized using file 'velocity.log'
2014-04-29 13:03:55,972 - Initializing Velocity, Calling init()...
2014-04-29 13:03:55,972 - Starting Apache Velocity v1.7 (compiled: 2010-11-19 12:14:37)
2014-04-29 13:03:55,972 - Default Properties File: org\apache\velocity\runtime\defaults\velocity.properties
2014-04-29 13:03:55,972 - Trying to use logger class org.apache.velocity.runtime.log.AvalonLogChute
2014-04-29 13:03:55,972 - Target log system for org.apache.velocity.runtime.log.AvalonLogChute is not available (java.lang.NoClassDefFoundError: org/apache/log/format/Formatter).  Falling back to next log system...
2014-04-29 13:03:55,972 - Trying to use logger class org.apache.velocity.runtime.log.Log4JLogChute
2014-04-29 13:03:55,972 - Using logger class org.apache.velocity.runtime.log.Log4JLogChute
2014-04-29 13:03:55,978 - ResourceLoader instantiated: org.apache.velocity.runtime.resource.loader.ClasspathResourceLoader
2014-04-29 13:03:56,001 - ResourceCache: initialized (class org.apache.velocity.runtime.resource.ResourceCacheImpl) with class java.util.Collections$SynchronizedMap cache map.
2014-04-29 13:03:56,004 - Loaded System Directive: org.apache.velocity.runtime.directive.Stop
2014-04-29 13:03:56,007 - Loaded System Directive: org.apache.velocity.runtime.directive.Define
2014-04-29 13:03:56,008 - Loaded System Directive: org.apache.velocity.runtime.directive.Break
2014-04-29 13:03:56,009 - Loaded System Directive: org.apache.velocity.runtime.directive.Evaluate
2014-04-29 13:03:56,011 - Loaded System Directive: org.apache.velocity.runtime.directive.Literal
2014-04-29 13:03:56,013 - Loaded System Directive: org.apache.velocity.runtime.directive.Macro
2014-04-29 13:03:56,015 - Loaded System Directive: org.apache.velocity.runtime.directive.Parse
2014-04-29 13:03:56,018 - Loaded System Directive: org.apache.velocity.runtime.directive.Include
2014-04-29 13:03:56,019 - Loaded System Directive: org.apache.velocity.runtime.directive.Foreach
2014-04-29 13:03:56,068 - Created '20' parsers.
2014-04-29 13:03:56,076 - Velocimacro : "velocimacro.library" is not set.  Trying default library: VM_global_library.vm
2014-04-29 13:03:56,078 - Could not load resource 'VM_global_library.vm' from ResourceLoader org.apache.velocity.runtime.resource.loader.ClasspathResourceLoader: ClasspathResourceLoader Error: cannot find resource VM_global_library.vm
2014-04-29 13:03:56,078 - Velocimacro : Default library not found.
2014-04-29 13:03:56,078 - Velocimacro : allowInline = true : VMs can be defined inline in templates
2014-04-29 13:03:56,078 - Velocimacro : allowInlineToOverride = false : VMs defined inline may NOT replace previous VM definitions
2014-04-29 13:03:56,078 - Velocimacro : allowInlineLocal = false : VMs defined inline will be global in scope if allowed.
2014-04-29 13:03:56,078 - Velocimacro : autoload off : VM system will not automatically reload global library macros
2014-04-29 13:03:56,117 - ResourceManager : found /ServiceManifestTemplate.vm with loader org.apache.velocity.runtime.resource.loader.ClasspathResourceLoader
2014-04-29 13:03:56,135 - ResourceManager : found /VirtualMachineComponent.vm with loader org.apache.velocity.runtime.resource.loader.ClasspathResourceLoader
2014-04-29 13:03:56,137 - ResourceManager : found /TrustSection.vm with loader org.apache.velocity.runtime.resource.loader.ClasspathResourceLoader
2014-04-29 13:03:56,139 - Null reference [template '/TrustSection.vm', line 7, column 28] : ${trustLevel} cannot be resolved.
2014-04-29 13:03:56,141 - ResourceManager : found /RiskSection.vm with loader org.apache.velocity.runtime.resource.loader.ClasspathResourceLoader
2014-04-29 13:03:56,143 - ResourceManager : found /EcoEfficiencySection.vm with loader org.apache.velocity.runtime.resource.loader.ClasspathResourceLoader
2014-04-29 13:03:56,147 - ResourceManager : found /CostSection.vm with loader org.apache.velocity.runtime.resource.loader.ClasspathResourceLoader
2014-04-29 13:03:56,150 - ResourceManager : found /VirtualMachineComponentConfiguration.vm with loader org.apache.velocity.runtime.resource.loader.ClasspathResourceLoader
2014-04-29 13:03:56,663 - ResourceManager : found /ElasticityRuleY1.vm with loader org.apache.velocity.runtime.resource.loader.ClasspathResourceLoader
2014-04-29 13:03:56,676 - ResourceManager : found /ElasticityRuleY1.vm with loader org.apache.velocity.runtime.resource.loader.ClasspathResourceLoader
2014-04-29 13:03:56,734 - ResourceManager : found /VirtualMachineComponent.vm with loader org.apache.velocity.runtime.resource.loader.ClasspathResourceLoader
2014-04-29 13:03:56,811 - ResourceManager : found /ElasticityRuleY1.vm with loader org.apache.velocity.runtime.resource.loader.ClasspathResourceLoader
2014-04-29 13:03:56,816 - ResourceManager : found /ElasticityRuleY1.vm with loader org.apache.velocity.runtime.resource.loader.ClasspathResourceLoader
2014-04-29 13:04:11,170 - Log4JLogChute initialized using file 'velocity.log'
2014-04-29 13:04:11,172 - Initializing Velocity, Calling init()...
2014-04-29 13:04:11,172 - Starting Apache Velocity v1.7 (compiled: 2010-11-19 12:14:37)
2014-04-29 13:04:11,172 - Default Properties File: org\apache\velocity\runtime\defaults\velocity.properties
2014-04-29 13:04:11,172 - Trying to use logger class org.apache.velocity.runtime.log.AvalonLogChute
2014-04-29 13:04:11,172 - Target log system for org.apache.velocity.runtime.log.AvalonLogChute is not available (java.lang.NoClassDefFoundError: org/apache/log/format/Formatter).  Falling back to next log system...
2014-04-29 13:04:11,172 - Trying to use logger class org.apache.velocity.runtime.log.Log4JLogChute
2014-04-29 13:04:11,172 - Using logger class org.apache.velocity.runtime.log.Log4JLogChute
2014-04-29 13:04:11,177 - ResourceLoader instantiated: org.apache.velocity.runtime.resource.loader.ClasspathResourceLoader
2014-04-29 13:04:11,198 - ResourceCache: initialized (class org.apache.velocity.runtime.resource.ResourceCacheImpl) with class java.util.Collections$SynchronizedMap cache map.
2014-04-29 13:04:11,201 - Loaded System Directive: org.apache.velocity.runtime.directive.Stop
2014-04-29 13:04:11,202 - Loaded System Directive: org.apache.velocity.runtime.directive.Define
2014-04-29 13:04:11,203 - Loaded System Directive: org.apache.velocity.runtime.directive.Break
2014-04-29 13:04:11,204 - Loaded System Directive: org.apache.velocity.runtime.directive.Evaluate
2014-04-29 13:04:11,205 - Loaded System Directive: org.apache.velocity.runtime.directive.Literal
2014-04-29 13:04:11,206 - Loaded System Directive: org.apache.velocity.runtime.directive.Macro
2014-04-29 13:04:11,208 - Loaded System Directive: org.apache.velocity.runtime.directive.Parse
2014-04-29 13:04:11,210 - Loaded System Directive: org.apache.velocity.runtime.directive.Include
2014-04-29 13:04:11,212 - Loaded System Directive: org.apache.velocity.runtime.directive.Foreach
2014-04-29 13:04:11,257 - Created '20' parsers.
2014-04-29 13:04:11,266 - Velocimacro : "velocimacro.library" is not set.  Trying default library: VM_global_library.vm
2014-04-29 13:04:11,268 - Could not load resource 'VM_global_library.vm' from ResourceLoader org.apache.velocity.runtime.resource.loader.ClasspathResourceLoader: ClasspathResourceLoader Error: cannot find resource VM_global_library.vm
2014-04-29 13:04:11,268 - Velocimacro : Default library not found.
2014-04-29 13:04:11,268 - Velocimacro : allowInline = true : VMs can be defined inline in templates
2014-04-29 13:04:11,268 - Velocimacro : allowInlineToOverride = false : VMs defined inline may NOT replace previous VM definitions
2014-04-29 13:04:11,268 - Velocimacro : allowInlineLocal = false : VMs defined inline will be global in scope if allowed.
2014-04-29 13:04:11,269 - Velocimacro : autoload off : VM system will not automatically reload global library macros
2014-04-29 13:04:11,307 - ResourceManager : found /ServiceManifestTemplate.vm with loader org.apache.velocity.runtime.resource.loader.ClasspathResourceLoader
2014-04-29 13:04:11,326 - ResourceManager : found /VirtualMachineComponent.vm with loader org.apache.velocity.runtime.resource.loader.ClasspathResourceLoader
2014-04-29 13:04:11,329 - ResourceManager : found /TrustSection.vm with loader org.apache.velocity.runtime.resource.loader.ClasspathResourceLoader
2014-04-29 13:04:11,330 - Null reference [template '/TrustSection.vm', line 7, column 28] : ${trustLevel} cannot be resolved.
2014-04-29 13:04:11,332 - ResourceManager : found /RiskSection.vm with loader org.apache.velocity.runtime.resource.loader.ClasspathResourceLoader
2014-04-29 13:04:11,335 - ResourceManager : found /EcoEfficiencySection.vm with loader org.apache.velocity.runtime.resource.loader.ClasspathResourceLoader
2014-04-29 13:04:11,337 - ResourceManager : found /CostSection.vm with loader org.apache.velocity.runtime.resource.loader.ClasspathResourceLoader
2014-04-29 13:04:11,339 - ResourceManager : found /VirtualMachineComponentConfiguration.vm with loader org.apache.velocity.runtime.resource.loader.ClasspathResourceLoader
2014-04-29 13:04:11,818 - ResourceManager : found /ElasticityRuleY1.vm with loader org.apache.velocity.runtime.resource.loader.ClasspathResourceLoader
2014-04-29 13:04:11,836 - ResourceManager : found /ElasticityRuleY1.vm with loader org.apache.velocity.runtime.resource.loader.ClasspathResourceLoader
2014-04-29 13:04:11,882 - ResourceManager : found /VirtualMachineComponent.vm with loader org.apache.velocity.runtime.resource.loader.ClasspathResourceLoader
2014-04-29 13:04:11,967 - ResourceManager : found /ElasticityRuleY1.vm with loader org.apache.velocity.runtime.resource.loader.ClasspathResourceLoader
2014-04-29 13:04:11,971 - ResourceManager : found /ElasticityRuleY1.vm with loader org.apache.velocity.runtime.resource.loader.ClasspathResourceLoader
2014-04-29 13:11:36,829 - Log4JLogChute initialized using file 'velocity.log'
2014-04-29 13:11:36,830 - Initializing Velocity, Calling init()...
2014-04-29 13:11:36,830 - Starting Apache Velocity v1.7 (compiled: 2010-11-19 12:14:37)
2014-04-29 13:11:36,830 - Default Properties File: org\apache\velocity\runtime\defaults\velocity.properties
2014-04-29 13:11:36,830 - Trying to use logger class org.apache.velocity.runtime.log.AvalonLogChute
2014-04-29 13:11:36,830 - Target log system for org.apache.velocity.runtime.log.AvalonLogChute is not available (java.lang.NoClassDefFoundError: org/apache/log/format/Formatter).  Falling back to next log system...
2014-04-29 13:11:36,830 - Trying to use logger class org.apache.velocity.runtime.log.Log4JLogChute
2014-04-29 13:11:36,830 - Using logger class org.apache.velocity.runtime.log.Log4JLogChute
2014-04-29 13:11:36,836 - ResourceLoader instantiated: org.apache.velocity.runtime.resource.loader.ClasspathResourceLoader
2014-04-29 13:11:36,864 - ResourceCache: initialized (class org.apache.velocity.runtime.resource.ResourceCacheImpl) with class java.util.Collections$SynchronizedMap cache map.
2014-04-29 13:11:36,869 - Loaded System Directive: org.apache.velocity.runtime.directive.Stop
2014-04-29 13:11:36,872 - Loaded System Directive: org.apache.velocity.runtime.directive.Define
2014-04-29 13:11:36,873 - Loaded System Directive: org.apache.velocity.runtime.directive.Break
2014-04-29 13:11:36,875 - Loaded System Directive: org.apache.velocity.runtime.directive.Evaluate
2014-04-29 13:11:36,876 - Loaded System Directive: org.apache.velocity.runtime.directive.Literal
2014-04-29 13:11:36,878 - Loaded System Directive: org.apache.velocity.runtime.directive.Macro
2014-04-29 13:11:36,881 - Loaded System Directive: org.apache.velocity.runtime.directive.Parse
2014-04-29 13:11:36,883 - Loaded System Directive: org.apache.velocity.runtime.directive.Include
2014-04-29 13:11:36,884 - Loaded System Directive: org.apache.velocity.runtime.directive.Foreach
2014-04-29 13:11:36,937 - Created '20' parsers.
2014-04-29 13:11:36,947 - Velocimacro : "velocimacro.library" is not set.  Trying default library: VM_global_library.vm
2014-04-29 13:11:36,949 - Could not load resource 'VM_global_library.vm' from ResourceLoader org.apache.velocity.runtime.resource.loader.ClasspathResourceLoader: ClasspathResourceLoader Error: cannot find resource VM_global_library.vm
2014-04-29 13:11:36,949 - Velocimacro : Default library not found.
2014-04-29 13:11:36,949 - Velocimacro : allowInline = true : VMs can be defined inline in templates
2014-04-29 13:11:36,949 - Velocimacro : allowInlineToOverride = false : VMs defined inline may NOT replace previous VM definitions
2014-04-29 13:11:36,949 - Velocimacro : allowInlineLocal = false : VMs defined inline will be global in scope if allowed.
2014-04-29 13:11:36,949 - Velocimacro : autoload off : VM system will not automatically reload global library macros
2014-04-29 13:11:36,983 - ResourceManager : found /ServiceManifestTemplate.vm with loader org.apache.velocity.runtime.resource.loader.ClasspathResourceLoader
2014-04-29 13:11:37,001 - ResourceManager : found /VirtualMachineComponent.vm with loader org.apache.velocity.runtime.resource.loader.ClasspathResourceLoader
2014-04-29 13:11:37,004 - ResourceManager : found /TrustSection.vm with loader org.apache.velocity.runtime.resource.loader.ClasspathResourceLoader
2014-04-29 13:11:37,006 - Null reference [template '/TrustSection.vm', line 7, column 28] : ${trustLevel} cannot be resolved.
2014-04-29 13:11:37,009 - ResourceManager : found /RiskSection.vm with loader org.apache.velocity.runtime.resource.loader.ClasspathResourceLoader
2014-04-29 13:11:37,011 - ResourceManager : found /EcoEfficiencySection.vm with loader org.apache.velocity.runtime.resource.loader.ClasspathResourceLoader
2014-04-29 13:11:37,013 - ResourceManager : found /CostSection.vm with loader org.apache.velocity.runtime.resource.loader.ClasspathResourceLoader
2014-04-29 13:11:37,015 - ResourceManager : found /VirtualMachineComponentConfiguration.vm with loader org.apache.velocity.runtime.resource.loader.ClasspathResourceLoader
2014-04-29 13:11:46,198 - ResourceManager : found /ElasticityRuleY1.vm with loader org.apache.velocity.runtime.resource.loader.ClasspathResourceLoader
2014-04-29 13:11:46,328 - ResourceManager : found /ElasticityRuleY1.vm with loader org.apache.velocity.runtime.resource.loader.ClasspathResourceLoader
2014-04-29 13:11:47,099 - ResourceManager : found /VirtualMachineComponent.vm with loader org.apache.velocity.runtime.resource.loader.ClasspathResourceLoader
2014-04-29 13:11:48,433 - ResourceManager : found /ElasticityRuleY1.vm with loader org.apache.velocity.runtime.resource.loader.ClasspathResourceLoader
2014-04-29 13:11:48,438 - ResourceManager : found /ElasticityRuleY1.vm with loader org.apache.velocity.runtime.resource.loader.ClasspathResourceLoader
2014-05-05 11:19:57,889 - Log4JLogChute initialized using file 'velocity.log'
2014-05-05 11:19:57,900 - Initializing Velocity, Calling init()...
2014-05-05 11:19:57,900 - Starting Apache Velocity v1.7 (compiled: 2010-11-19 12:14:37)
2014-05-05 11:19:57,900 - Default Properties File: org\apache\velocity\runtime\defaults\velocity.properties
2014-05-05 11:19:57,900 - Trying to use logger class org.apache.velocity.runtime.log.AvalonLogChute
2014-05-05 11:19:57,900 - Target log system for org.apache.velocity.runtime.log.AvalonLogChute is not available (java.lang.NoClassDefFoundError: org/apache/log/format/Formatter).  Falling back to next log system...
2014-05-05 11:19:57,900 - Trying to use logger class org.apache.velocity.runtime.log.Log4JLogChute
2014-05-05 11:19:57,900 - Using logger class org.apache.velocity.runtime.log.Log4JLogChute
2014-05-05 11:19:57,923 - ResourceLoader instantiated: org.apache.velocity.runtime.resource.loader.ClasspathResourceLoader
2014-05-05 11:19:57,974 - ResourceCache: initialized (class org.apache.velocity.runtime.resource.ResourceCacheImpl) with class java.util.Collections$SynchronizedMap cache map.
2014-05-05 11:19:57,979 - Loaded System Directive: org.apache.velocity.runtime.directive.Stop
2014-05-05 11:19:57,981 - Loaded System Directive: org.apache.velocity.runtime.directive.Define
2014-05-05 11:19:57,982 - Loaded System Directive: org.apache.velocity.runtime.directive.Break
2014-05-05 11:19:57,983 - Loaded System Directive: org.apache.velocity.runtime.directive.Evaluate
2014-05-05 11:19:58,000 - Loaded System Directive: org.apache.velocity.runtime.directive.Literal
2014-05-05 11:19:58,034 - Loaded System Directive: org.apache.velocity.runtime.directive.Macro
2014-05-05 11:19:58,043 - Loaded System Directive: org.apache.velocity.runtime.directive.Parse
2014-05-05 11:19:58,045 - Loaded System Directive: org.apache.velocity.runtime.directive.Include
2014-05-05 11:19:58,046 - Loaded System Directive: org.apache.velocity.runtime.directive.Foreach
2014-05-05 11:19:58,211 - Created '20' parsers.
2014-05-05 11:19:58,219 - Velocimacro : "velocimacro.library" is not set.  Trying default library: VM_global_library.vm
2014-05-05 11:19:58,220 - Could not load resource 'VM_global_library.vm' from ResourceLoader org.apache.velocity.runtime.resource.loader.ClasspathResourceLoader: ClasspathResourceLoader Error: cannot find resource VM_global_library.vm
2014-05-05 11:19:58,220 - Velocimacro : Default library not found.
2014-05-05 11:19:58,220 - Velocimacro : allowInline = true : VMs can be defined inline in templates
2014-05-05 11:19:58,220 - Velocimacro : allowInlineToOverride = false : VMs defined inline may NOT replace previous VM definitions
2014-05-05 11:19:58,221 - Velocimacro : allowInlineLocal = false : VMs defined inline will be global in scope if allowed.
2014-05-05 11:19:58,221 - Velocimacro : autoload off : VM system will not automatically reload global library macros
2014-05-05 11:19:58,364 - ResourceManager : found /ServiceManifestTemplate.vm with loader org.apache.velocity.runtime.resource.loader.ClasspathResourceLoader
2014-05-05 11:19:58,399 - ResourceManager : found /VirtualMachineComponent.vm with loader org.apache.velocity.runtime.resource.loader.ClasspathResourceLoader
2014-05-05 11:19:58,401 - ResourceManager : found /TrustSection.vm with loader org.apache.velocity.runtime.resource.loader.ClasspathResourceLoader
2014-05-05 11:19:58,403 - Null reference [template '/TrustSection.vm', line 7, column 28] : ${trustLevel} cannot be resolved.
2014-05-05 11:19:58,404 - ResourceManager : found /RiskSection.vm with loader org.apache.velocity.runtime.resource.loader.ClasspathResourceLoader
2014-05-05 11:19:58,406 - ResourceManager : found /EcoEfficiencySection.vm with loader org.apache.velocity.runtime.resource.loader.ClasspathResourceLoader
2014-05-05 11:19:58,408 - ResourceManager : found /CostSection.vm with loader org.apache.velocity.runtime.resource.loader.ClasspathResourceLoader
2014-05-05 11:19:58,410 - ResourceManager : found /VirtualMachineComponentConfiguration.vm with loader org.apache.velocity.runtime.resource.loader.ClasspathResourceLoader
2014-05-05 11:20:00,672 - ResourceManager : found /VirtualMachineComponent.vm with loader org.apache.velocity.runtime.resource.loader.ClasspathResourceLoader
2014-05-05 11:20:01,037 - ResourceManager : found /VirtualMachineComponent.vm with loader org.apache.velocity.runtime.resource.loader.ClasspathResourceLoader
2014-05-05 11:20:01,065 - ResourceManager : found /ElasticityRuleY1.vm with loader org.apache.velocity.runtime.resource.loader.ClasspathResourceLoader
2014-05-05 11:20:01,076 - ResourceManager : found /ElasticityRuleY1.vm with loader org.apache.velocity.runtime.resource.loader.ClasspathResourceLoader
2014-05-05 11:20:01,080 - ResourceManager : found /VirtualMachineComponent.vm with loader org.apache.velocity.runtime.resource.loader.ClasspathResourceLoader
2014-05-05 11:20:01,091 - ResourceManager : found /VirtualMachineComponent.vm with loader org.apache.velocity.runtime.resource.loader.ClasspathResourceLoader
2014-05-05 15:03:40,854 - Log4JLogChute initialized using file 'velocity.log'
2014-05-05 15:03:40,863 - Initializing Velocity, Calling init()...
2014-05-05 15:03:40,863 - Starting Apache Velocity v1.7 (compiled: 2010-11-19 12:14:37)
2014-05-05 15:03:40,863 - Default Properties File: org\apache\velocity\runtime\defaults\velocity.properties
2014-05-05 15:03:40,863 - Trying to use logger class org.apache.velocity.runtime.log.AvalonLogChute
2014-05-05 15:03:40,863 - Target log system for org.apache.velocity.runtime.log.AvalonLogChute is not available (java.lang.NoClassDefFoundError: org/apache/log/format/Formatter).  Falling back to next log system...
2014-05-05 15:03:40,863 - Trying to use logger class org.apache.velocity.runtime.log.Log4JLogChute
2014-05-05 15:03:40,863 - Using logger class org.apache.velocity.runtime.log.Log4JLogChute
2014-05-05 15:03:40,867 - ResourceLoader instantiated: org.apache.velocity.runtime.resource.loader.ClasspathResourceLoader
2014-05-05 15:03:40,889 - ResourceCache: initialized (class org.apache.velocity.runtime.resource.ResourceCacheImpl) with class java.util.Collections$SynchronizedMap cache map.
2014-05-05 15:03:40,892 - Loaded System Directive: org.apache.velocity.runtime.directive.Stop
2014-05-05 15:03:40,894 - Loaded System Directive: org.apache.velocity.runtime.directive.Define
2014-05-05 15:03:40,895 - Loaded System Directive: org.apache.velocity.runtime.directive.Break
2014-05-05 15:03:40,896 - Loaded System Directive: org.apache.velocity.runtime.directive.Evaluate
2014-05-05 15:03:40,897 - Loaded System Directive: org.apache.velocity.runtime.directive.Literal
2014-05-05 15:03:40,898 - Loaded System Directive: org.apache.velocity.runtime.directive.Macro
2014-05-05 15:03:40,900 - Loaded System Directive: org.apache.velocity.runtime.directive.Parse
2014-05-05 15:03:40,901 - Loaded System Directive: org.apache.velocity.runtime.directive.Include
2014-05-05 15:03:40,903 - Loaded System Directive: org.apache.velocity.runtime.directive.Foreach
2014-05-05 15:03:40,949 - Created '20' parsers.
2014-05-05 15:03:40,989 - Velocimacro : "velocimacro.library" is not set.  Trying default library: VM_global_library.vm
2014-05-05 15:03:40,991 - Could not load resource 'VM_global_library.vm' from ResourceLoader org.apache.velocity.runtime.resource.loader.ClasspathResourceLoader: ClasspathResourceLoader Error: cannot find resource VM_global_library.vm
2014-05-05 15:03:40,991 - Velocimacro : Default library not found.
2014-05-05 15:03:40,991 - Velocimacro : allowInline = true : VMs can be defined inline in templates
2014-05-05 15:03:40,991 - Velocimacro : allowInlineToOverride = false : VMs defined inline may NOT replace previous VM definitions
2014-05-05 15:03:40,991 - Velocimacro : allowInlineLocal = false : VMs defined inline will be global in scope if allowed.
2014-05-05 15:03:40,991 - Velocimacro : autoload off : VM system will not automatically reload global library macros
2014-05-05 15:03:41,019 - ResourceManager : found /ServiceManifestTemplate.vm with loader org.apache.velocity.runtime.resource.loader.ClasspathResourceLoader
2014-05-05 15:03:41,053 - ResourceManager : found /VirtualMachineComponent.vm with loader org.apache.velocity.runtime.resource.loader.ClasspathResourceLoader
2014-05-05 15:03:41,057 - ResourceManager : found /TrustSection.vm with loader org.apache.velocity.runtime.resource.loader.ClasspathResourceLoader
2014-05-05 15:03:41,059 - Null reference [template '/TrustSection.vm', line 7, column 28] : ${trustLevel} cannot be resolved.
2014-05-05 15:03:41,062 - ResourceManager : found /RiskSection.vm with loader org.apache.velocity.runtime.resource.loader.ClasspathResourceLoader
2014-05-05 15:03:41,068 - ResourceManager : found /EcoEfficiencySection.vm with loader org.apache.velocity.runtime.resource.loader.ClasspathResourceLoader
2014-05-05 15:03:41,072 - ResourceManager : found /CostSection.vm with loader org.apache.velocity.runtime.resource.loader.ClasspathResourceLoader
2014-05-05 15:03:41,074 - ResourceManager : found /VirtualMachineComponentConfiguration.vm with loader org.apache.velocity.runtime.resource.loader.ClasspathResourceLoader
2014-05-05 15:03:41,986 - ResourceManager : found /ElasticityRuleY1.vm with loader org.apache.velocity.runtime.resource.loader.ClasspathResourceLoader
2014-05-05 15:03:42,028 - ResourceManager : found /ElasticityRuleY1.vm with loader org.apache.velocity.runtime.resource.loader.ClasspathResourceLoader
2014-05-05 15:03:42,092 - ResourceManager : found /VirtualMachineComponent.vm with loader org.apache.velocity.runtime.resource.loader.ClasspathResourceLoader
2014-05-05 15:03:42,233 - ResourceManager : found /ElasticityRuleY1.vm with loader org.apache.velocity.runtime.resource.loader.ClasspathResourceLoader
2014-05-05 15:03:42,238 - ResourceManager : found /ElasticityRuleY1.vm with loader org.apache.velocity.runtime.resource.loader.ClasspathResourceLoader
2014-05-12 12:58:09,190 - Log4JLogChute initialized using file 'velocity.log'
2014-05-12 12:58:09,273 - Initializing Velocity, Calling init()...
2014-05-12 12:58:09,273 - Starting Apache Velocity v1.7 (compiled: 2010-11-19 12:14:37)
2014-05-12 12:58:09,273 - Default Properties File: org\apache\velocity\runtime\defaults\velocity.properties
2014-05-12 12:58:09,273 - Trying to use logger class org.apache.velocity.runtime.log.AvalonLogChute
2014-05-12 12:58:09,273 - Target log system for org.apache.velocity.runtime.log.AvalonLogChute is not available (java.lang.NoClassDefFoundError: org/apache/log/format/Formatter).  Falling back to next log system...
2014-05-12 12:58:09,273 - Trying to use logger class org.apache.velocity.runtime.log.Log4JLogChute
2014-05-12 12:58:09,273 - Using logger class org.apache.velocity.runtime.log.Log4JLogChute
2014-05-12 12:58:09,328 - ResourceLoader instantiated: org.apache.velocity.runtime.resource.loader.ClasspathResourceLoader
2014-05-12 12:58:09,604 - ResourceCache: initialized (class org.apache.velocity.runtime.resource.ResourceCacheImpl) with class java.util.Collections$SynchronizedMap cache map.
2014-05-12 12:58:09,607 - Loaded System Directive: org.apache.velocity.runtime.directive.Stop
2014-05-12 12:58:09,609 - Loaded System Directive: org.apache.velocity.runtime.directive.Define
2014-05-12 12:58:09,611 - Loaded System Directive: org.apache.velocity.runtime.directive.Break
2014-05-12 12:58:09,612 - Loaded System Directive: org.apache.velocity.runtime.directive.Evaluate
2014-05-12 12:58:09,635 - Loaded System Directive: org.apache.velocity.runtime.directive.Literal
2014-05-12 12:58:09,643 - Loaded System Directive: org.apache.velocity.runtime.directive.Macro
2014-05-12 12:58:09,710 - Loaded System Directive: org.apache.velocity.runtime.directive.Parse
2014-05-12 12:58:09,712 - Loaded System Directive: org.apache.velocity.runtime.directive.Include
2014-05-12 12:58:09,713 - Loaded System Directive: org.apache.velocity.runtime.directive.Foreach
2014-05-12 12:58:10,163 - Created '20' parsers.
2014-05-12 12:58:10,754 - Velocimacro : "velocimacro.library" is not set.  Trying default library: VM_global_library.vm
2014-05-12 12:58:10,755 - Could not load resource 'VM_global_library.vm' from ResourceLoader org.apache.velocity.runtime.resource.loader.ClasspathResourceLoader: ClasspathResourceLoader Error: cannot find resource VM_global_library.vm
2014-05-12 12:58:10,755 - Velocimacro : Default library not found.
2014-05-12 12:58:10,755 - Velocimacro : allowInline = true : VMs can be defined inline in templates
2014-05-12 12:58:10,755 - Velocimacro : allowInlineToOverride = false : VMs defined inline may NOT replace previous VM definitions
2014-05-12 12:58:10,755 - Velocimacro : allowInlineLocal = false : VMs defined inline will be global in scope if allowed.
2014-05-12 12:58:10,755 - Velocimacro : autoload off : VM system will not automatically reload global library macros
2014-05-12 12:58:10,886 - ResourceManager : found /ServiceManifestTemplate.vm with loader org.apache.velocity.runtime.resource.loader.ClasspathResourceLoader
2014-05-12 12:58:10,961 - ResourceManager : found /VirtualMachineComponent.vm with loader org.apache.velocity.runtime.resource.loader.ClasspathResourceLoader
2014-05-12 12:58:10,964 - ResourceManager : found /TrustSection.vm with loader org.apache.velocity.runtime.resource.loader.ClasspathResourceLoader
2014-05-12 12:58:10,966 - Null reference [template '/TrustSection.vm', line 7, column 28] : ${trustLevel} cannot be resolved.
2014-05-12 12:58:10,968 - ResourceManager : found /RiskSection.vm with loader org.apache.velocity.runtime.resource.loader.ClasspathResourceLoader
2014-05-12 12:58:10,970 - ResourceManager : found /EcoEfficiencySection.vm with loader org.apache.velocity.runtime.resource.loader.ClasspathResourceLoader
2014-05-12 12:58:10,974 - ResourceManager : found /CostSection.vm with loader org.apache.velocity.runtime.resource.loader.ClasspathResourceLoader
2014-05-12 12:58:10,976 - ResourceManager : found /VirtualMachineComponentConfiguration.vm with loader org.apache.velocity.runtime.resource.loader.ClasspathResourceLoader
2014-05-12 12:58:21,225 - ResourceManager : found /VirtualMachineComponent.vm with loader org.apache.velocity.runtime.resource.loader.ClasspathResourceLoader
2014-05-12 12:58:25,567 - ResourceManager : found /VirtualMachineComponent.vm with loader org.apache.velocity.runtime.resource.loader.ClasspathResourceLoader
2014-05-12 12:58:26,878 - ResourceManager : found /ElasticityRuleY1.vm with loader org.apache.velocity.runtime.resource.loader.ClasspathResourceLoader
2014-05-12 12:58:27,357 - ResourceManager : found /ElasticityRuleY1.vm with loader org.apache.velocity.runtime.resource.loader.ClasspathResourceLoader
2014-05-12 12:58:27,366 - ResourceManager : found /VirtualMachineComponent.vm with loader org.apache.velocity.runtime.resource.loader.ClasspathResourceLoader
2014-05-12 12:58:27,382 - ResourceManager : found /VirtualMachineComponent.vm with loader org.apache.velocity.runtime.resource.loader.ClasspathResourceLoader
