2015-10-29 11:03:07,031 DEBUG  - es.bsc.vmmanagercore.configuration.VmManagerConfiguration
Loading configuration file: /etc/ascetic/vmm/vmmconfig.properties
2015-10-29 11:03:07,105 ERROR  - es.bsc.vmmanagercore.configuration.VmManagerConfiguration
Error loading properties file
org.apache.commons.configuration.ConfigurationException: Cannot locate configuration source /etc/ascetic/vmm/vmmconfig.properties
	at org.apache.commons.configuration.AbstractFileConfiguration.load(AbstractFileConfiguration.java:259)
	at org.apache.commons.configuration.AbstractFileConfiguration.load(AbstractFileConfiguration.java:238)
	at org.apache.commons.configuration.AbstractFileConfiguration.<init>(AbstractFileConfiguration.java:158)
	at org.apache.commons.configuration.PropertiesConfiguration.<init>(PropertiesConfiguration.java:252)
	at es.bsc.vmmanagercore.configuration.VmManagerConfiguration.getPropertiesObjectFromConfigFile(VmManagerConfiguration.java:104)
	at es.bsc.vmmanagercore.configuration.VmManagerConfiguration.<init>(VmManagerConfiguration.java:182)
	at es.bsc.vmmanagercore.configuration.VmManagerConfiguration.<init>(VmManagerConfiguration.java:36)
	at es.bsc.vmmanagercore.configuration.VmManagerConfiguration$SingletonHolder.<clinit>(VmManagerConfiguration.java:189)
	at INSTANCE(VmManagerConfiguration.java:199)
	at es.bsc.vmmanagercore.monitoring.hosts.Host.<init>(Host.java:57)
	at es.bsc.vmmanagercore.monitoring.hosts.HostFake.<init>(HostFake.java:53)
	at FakeCloudMiddlewareTest.setUpBeforeClass(FakeCloudMiddlewareTest.java:53)
	at sun.reflect.NativeMethodAccessorImpl.invoke0(Native Method)
	at sun.reflect.NativeMethodAccessorImpl.invoke(NativeMethodAccessorImpl.java:62)
	at sun.reflect.DelegatingMethodAccessorImpl.invoke(DelegatingMethodAccessorImpl.java:43)
	at java.lang.reflect.Method.invoke(Method.java:497)
	at org.junit.runners.model.FrameworkMethod$1.runReflectiveCall(FrameworkMethod.java:47)
	at org.junit.internal.runners.model.ReflectiveCallable.run(ReflectiveCallable.java:12)
	at org.junit.runners.model.FrameworkMethod.invokeExplosively(FrameworkMethod.java:44)
	at org.junit.internal.runners.statements.RunBefores.evaluate(RunBefores.java:24)
	at org.junit.runners.ParentRunner.run(ParentRunner.java:309)
	at org.apache.maven.surefire.junit4.JUnit4Provider.execute(JUnit4Provider.java:252)
	at org.apache.maven.surefire.junit4.JUnit4Provider.executeTestSet(JUnit4Provider.java:141)
	at org.apache.maven.surefire.junit4.JUnit4Provider.invoke(JUnit4Provider.java:112)
	at sun.reflect.NativeMethodAccessorImpl.invoke0(Native Method)
	at sun.reflect.NativeMethodAccessorImpl.invoke(NativeMethodAccessorImpl.java:62)
	at sun.reflect.DelegatingMethodAccessorImpl.invoke(DelegatingMethodAccessorImpl.java:43)
	at java.lang.reflect.Method.invoke(Method.java:497)
	at org.apache.maven.surefire.util.ReflectionUtils.invokeMethodWithArray(ReflectionUtils.java:189)
	at org.apache.maven.surefire.booter.ProviderFactory$ProviderProxy.invoke(ProviderFactory.java:165)
	at org.apache.maven.surefire.booter.ProviderFactory.invokeProvider(ProviderFactory.java:85)
	at org.apache.maven.surefire.booter.ForkedBooter.runSuitesInProcess(ForkedBooter.java:115)
	at org.apache.maven.surefire.booter.ForkedBooter.main(ForkedBooter.java:75)
2015-10-29 11:03:08,676 DEBUG  - es.bsc.vmmanagercore.manager.components.ImageManager
CreateVMImage: newImageName
